[1213/125524:INFO:broker_services.cc(467)] Target->Create 0 Error 122
[1213/125526:INFO:broker_services.cc(467)] Target->Create 0 Error 122
[1213/125902:INFO:broker_services.cc(467)] Target->Create 0 Error 122
[1213/125903:INFO:broker_services.cc(467)] Target->Create 0 Error 122
[1213/125905:INFO:broker_services.cc(467)] Target->Create 0 Error 122
[1213/130046:INFO:broker_services.cc(467)] Target->Create 0 Error 122
[1213/130604:INFO:broker_services.cc(467)] Target->Create 0 Error 122
[1213/135107:INFO:broker_services.cc(467)] Target->Create 0 Error 122
[1213/135112:INFO:broker_services.cc(467)] Target->Create 0 Error 122
[1213/135448:INFO:broker_services.cc(467)] Target->Create 0 Error 122
[1213/141208:INFO:broker_services.cc(467)] Target->Create 0 Error 122
[1213/143546:INFO:broker_services.cc(467)] Target->Create 0 Error 122
[1213/171427:INFO:broker_services.cc(467)] Target->Create 0 Error 122
[1213/171439:INFO:broker_services.cc(467)] Target->Create 0 Error 122
[1213/174014:INFO:broker_services.cc(467)] Target->Create 0 Error 122
[1213/174348:INFO:broker_services.cc(467)] Target->Create 0 Error 122
[1213/181702:INFO:broker_services.cc(467)] Target->Create 0 Error 122
[1213/181703:INFO:broker_services.cc(467)] Target->Create 0 Error 122
[1213/183720:INFO:broker_services.cc(467)] Target->Create 0 Error 122
[1213/223911:INFO:broker_services.cc(467)] Target->Create 0 Error 122
[1214/033819:INFO:broker_services.cc(467)] Target->Create 0 Error 122
[1214/082752:INFO:broker_services.cc(467)] Target->Create 0 Error 122
[1214/100907:INFO:broker_services.cc(467)] Target->Create 0 Error 122
[1214/100912:INFO:broker_services.cc(467)] Target->Create 0 Error 122
[1214/105141:INFO:broker_services.cc(467)] Target->Create 0 Error 122
[1214/105143:INFO:broker_services.cc(467)] Target->Create 0 Error 122
[1214/110202:INFO:broker_services.cc(467)] Target->Create 0 Error 122
[1214/132800:INFO:broker_services.cc(467)] Target->Create 0 Error 122
[1214/133937:INFO:broker_services.cc(467)] Target->Create 0 Error 122
[1214/134709:INFO:broker_services.cc(467)] Target->Create 0 Error 122
[1214/134710:INFO:broker_services.cc(467)] Target->Create 0 Error 122
[1214/143312:INFO:broker_services.cc(467)] Target->Create 0 Error 122
[1214/143747:INFO:broker_services.cc(467)] Target->Create 0 Error 122
[1214/143752:INFO:broker_services.cc(467)] Target->Create 0 Error 122
[1214/161812:INFO:broker_services.cc(467)] Target->Create 0 Error 122
[1214/161815:INFO:broker_services.cc(467)] Target->Create 0 Error 122
[1214/183552:INFO:broker_services.cc(467)] Target->Create 0 Error 122
[1214/184208:INFO:broker_services.cc(467)] Target->Create 0 Error 122
[1214/191959:INFO:broker_services.cc(467)] Target->Create 0 Error 122
[1214/192002:INFO:broker_services.cc(467)] Target->Create 0 Error 122
[1214/232537:INFO:broker_services.cc(467)] Target->Create 0 Error 122
[1215/040557:INFO:broker_services.cc(467)] Target->Create 0 Error 122
[1215/090919:INFO:broker_services.cc(467)] Target->Create 0 Error 122
[1215/140133:INFO:broker_services.cc(467)] Target->Create 0 Error 122
[1215/190548:INFO:broker_services.cc(467)] Target->Create 0 Error 122
[1216/003231:INFO:broker_services.cc(467)] Target->Create 0 Error 122
[1216/052620:INFO:broker_services.cc(467)] Target->Create 0 Error 122
[1216/100105:INFO:broker_services.cc(467)] Target->Create 0 Error 122
[1216/143231:INFO:broker_services.cc(467)] Target->Create 0 Error 122
[1216/194720:INFO:broker_services.cc(467)] Target->Create 0 Error 122
[1217/003141:INFO:broker_services.cc(467)] Target->Create 0 Error 122
[1217/055448:INFO:broker_services.cc(467)] Target->Create 0 Error 122
[1217/095240:INFO:broker_services.cc(467)] Target->Create 0 Error 122
[1217/110515:INFO:broker_services.cc(467)] Target->Create 0 Error 122
[1217/121314:INFO:broker_services.cc(467)] Target->Create 0 Error 122
[1217/124445:INFO:broker_services.cc(467)] Target->Create 0 Error 122
[1217/124446:INFO:broker_services.cc(467)] Target->Create 0 Error 122
[1217/135442:INFO:broker_services.cc(467)] Target->Create 0 Error 122
[1217/135442:INFO:broker_services.cc(467)] Target->Create 0 Error 122
[1217/140123:INFO:broker_services.cc(467)] Target->Create 0 Error 122
[1217/140709:INFO:broker_services.cc(467)] Target->Create 0 Error 122
[1217/142828:INFO:broker_services.cc(467)] Target->Create 0 Error 122
[1217/145724:INFO:broker_services.cc(467)] Target->Create 0 Error 122
[1217/145726:INFO:broker_services.cc(467)] Target->Create 0 Error 122
[1217/145743:INFO:broker_services.cc(467)] Target->Create 0 Error 122
[1217/150804:INFO:broker_services.cc(467)] Target->Create 0 Error 122
[1217/162321:INFO:broker_services.cc(467)] Target->Create 0 Error 122
[1217/185101:INFO:broker_services.cc(467)] Target->Create 0 Error 122
[1217/185104:INFO:broker_services.cc(467)] Target->Create 0 Error 122
[1217/213111:INFO:broker_services.cc(467)] Target->Create 0 Error 122
[1218/022521:INFO:broker_services.cc(467)] Target->Create 0 Error 122
[1218/074740:INFO:broker_services.cc(467)] Target->Create 0 Error 122
[1218/101009:INFO:broker_services.cc(467)] Target->Create 0 Error 122
[1218/101014:INFO:broker_services.cc(467)] Target->Create 0 Error 122
[1218/101022:INFO:broker_services.cc(467)] Target->Create 0 Error 122
[1218/111512:INFO:broker_services.cc(467)] Target->Create 0 Error 122
[1218/111513:INFO:broker_services.cc(467)] Target->Create 0 Error 122
[1218/123029:INFO:broker_services.cc(467)] Target->Create 0 Error 122
[1218/123804:INFO:broker_services.cc(467)] Target->Create 0 Error 122
[1218/123809:INFO:broker_services.cc(467)] Target->Create 0 Error 122
[1218/134809:INFO:broker_services.cc(467)] Target->Create 0 Error 122
[1218/141041:INFO:broker_services.cc(467)] Target->Create 0 Error 122
[1218/141048:INFO:broker_services.cc(467)] Target->Create 0 Error 122
[1218/141609:INFO:broker_services.cc(467)] Target->Create 0 Error 122
[1218/143815:INFO:broker_services.cc(467)] Target->Create 0 Error 122
[1218/143816:INFO:broker_services.cc(467)] Target->Create 0 Error 122
[1218/152309:INFO:broker_services.cc(467)] Target->Create 0 Error 122
[1218/154818:INFO:broker_services.cc(467)] Target->Create 0 Error 122
[1218/163559:INFO:broker_services.cc(467)] Target->Create 0 Error 122
[1218/171640:INFO:broker_services.cc(467)] Target->Create 0 Error 122
[1218/171641:INFO:broker_services.cc(467)] Target->Create 0 Error 122
[1218/172229:INFO:broker_services.cc(467)] Target->Create 0 Error 122
[1218/172229:INFO:broker_services.cc(467)] Target->Create 0 Error 122
[1218/172230:INFO:broker_services.cc(467)] Target->Create 0 Error 122
[1218/172331:INFO:broker_services.cc(467)] Target->Create 0 Error 122
[1218/181924:INFO:broker_services.cc(467)] Target->Create 0 Error 122
